# JRE version: Java(TM) SE Runtime Environment (8.0_241-b07) (build 1.8.0_241-b07)
# Java VM: Java HotSpot(TM) 64-Bit Server VM (25.241-b07 mixed mode windows-amd64 compressed oops)
Heap:
 PSYoungGen      total 391680K, used 370688K [0x000000076b500000, 0x0000000784880000, 0x00000007c0000000)
  eden space 370688K, 100% used [0x000000076b500000,0x0000000781f00000,0x0000000781f00000)
  from space 20992K, 0% used [0x0000000783380000,0x0000000783380000,0x0000000784800000)
  to   space 20992K, 54% used [0x0000000781f00000,0x0000000782a244e8,0x0000000783380000)
 ParOldGen       total 183808K, used 34133K [0x00000006c1e00000, 0x00000006cd180000, 0x000000076b500000)
  object space 183808K, 18% used [0x00000006c1e00000,0x00000006c3f555c0,0x00000006cd180000)
 Metaspace       used 65114K, capacity 68828K, committed 69144K, reserved 1107968K
  class space    used 9274K, capacity 9934K, committed 10032K, reserved 1048576K
GC Heap History (10 events):
Event: 4.648 GC heap after
Heap after GC invocations=10 (full 2):
 PSYoungGen      total 273408K, used 10511K [0x000000076b500000, 0x000000077d800000, 0x00000007c0000000)
  eden space 262656K, 0% used [0x000000076b500000,0x000000076b500000,0x000000077b580000)
  from space 10752K, 97% used [0x000000077cd80000,0x000000077d7c3e80,0x000000077d800000)
  to   space 14848K, 0% used [0x000000077bb00000,0x000000077bb00000,0x000000077c980000)
 ParOldGen       total 132608K, used 15473K [0x00000006c1e00000, 0x00000006c9f80000, 0x000000076b500000)
  object space 132608K, 11% used [0x00000006c1e00000,0x00000006c2d1c7e8,0x00000006c9f80000)
 Metaspace       used 39586K, capacity 41768K, committed 41896K, reserved 1085440K
  class space    used 5358K, capacity 5774K, committed 5808K, reserved 1048576K
}
Event: 6.987 GC heap before
{Heap before GC invocations=11 (full 2):
 PSYoungGen      total 273408K, used 251195K [0x000000076b500000, 0x000000077d800000, 0x00000007c0000000)
  eden space 262656K, 91% used [0x000000076b500000,0x000000077a00b048,0x000000077b580000)
  from space 10752K, 97% used [0x000000077cd80000,0x000000077d7c3e80,0x000000077d800000)
  to   space 14848K, 0% used [0x000000077bb00000,0x000000077bb00000,0x000000077c980000)
 ParOldGen       total 132608K, used 15473K [0x00000006c1e00000, 0x00000006c9f80000, 0x000000076b500000)
  object space 132608K, 11% used [0x00000006c1e00000,0x00000006c2d1c7e8,0x00000006c9f80000)
 Metaspace       used 56168K, capacity 59056K, committed 59160K, reserved 1099776K
  class space    used 7937K, capacity 8455K, committed 8496K, reserved 1048576K
Event: 7.010 GC heap after
Heap after GC invocations=11 (full 2):
 PSYoungGen      total 283136K, used 14821K [0x000000076b500000, 0x0000000784800000, 0x00000007c0000000)
  eden space 268288K, 0% used [0x000000076b500000,0x000000076b500000,0x000000077bb00000)
  from space 14848K, 99% used [0x000000077bb00000,0x000000077c979740,0x000000077c980000)
  to   space 20992K, 0% used [0x0000000783380000,0x0000000783380000,0x0000000784800000)
 ParOldGen       total 132608K, used 26519K [0x00000006c1e00000, 0x00000006c9f80000, 0x000000076b500000)
  object space 132608K, 19% used [0x00000006c1e00000,0x00000006c37e5da0,0x00000006c9f80000)
 Metaspace       used 56168K, capacity 59056K, committed 59160K, reserved 1099776K
  class space    used 7937K, capacity 8455K, committed 8496K, reserved 1048576K
}
Event: 7.010 GC heap before
{Heap before GC invocations=12 (full 3):
 PSYoungGen      total 283136K, used 14821K [0x000000076b500000, 0x0000000784800000, 0x00000007c0000000)
  eden space 268288K, 0% used [0x000000076b500000,0x000000076b500000,0x000000077bb00000)
  from space 14848K, 99% used [0x000000077bb00000,0x000000077c979740,0x000000077c980000)
  to   space 20992K, 0% used [0x0000000783380000,0x0000000783380000,0x0000000784800000)
 ParOldGen       total 132608K, used 26519K [0x00000006c1e00000, 0x00000006c9f80000, 0x000000076b500000)
  object space 132608K, 19% used [0x00000006c1e00000,0x00000006c37e5da0,0x00000006c9f80000)
 Metaspace       used 56168K, capacity 59056K, committed 59160K, reserved 1099776K
  class space    used 7937K, capacity 8455K, committed 8496K, reserved 1048576K
Event: 7.132 GC heap after
Heap after GC invocations=12 (full 3):
 PSYoungGen      total 283136K, used 0K [0x000000076b500000, 0x0000000784800000, 0x00000007c0000000)
  eden space 268288K, 0% used [0x000000076b500000,0x000000076b500000,0x000000077bb00000)
  from space 14848K, 0% used [0x000000077bb00000,0x000000077bb00000,0x000000077c980000)
  to   space 20992K, 0% used [0x0000000783380000,0x0000000783380000,0x0000000784800000)
 ParOldGen       total 183808K, used 37524K [0x00000006c1e00000, 0x00000006cd180000, 0x000000076b500000)
  object space 183808K, 20% used [0x00000006c1e00000,0x00000006c42a51e0,0x00000006cd180000)
 Metaspace       used 56168K, capacity 59056K, committed 59160K, reserved 1099776K
  class space    used 7937K, capacity 8455K, committed 8496K, reserved 1048576K
}
Event: 32.479 GC heap before
{Heap before GC invocations=13 (full 3):
 PSYoungGen      total 283136K, used 193926K [0x000000076b500000, 0x0000000784800000, 0x00000007c0000000)
  eden space 268288K, 72% used [0x000000076b500000,0x0000000777261ac8,0x000000077bb00000)
  from space 14848K, 0% used [0x000000077bb00000,0x000000077bb00000,0x000000077c980000)
  to   space 20992K, 0% used [0x0000000783380000,0x0000000783380000,0x0000000784800000)
 ParOldGen       total 183808K, used 37524K [0x00000006c1e00000, 0x00000006cd180000, 0x000000076b500000)
  object space 183808K, 20% used [0x00000006c1e00000,0x00000006c42a51e0,0x00000006cd180000)
 Metaspace       used 64210K, capacity 67750K, committed 67992K, reserved 1107968K
  class space    used 9183K, capacity 9821K, committed 9904K, reserved 1048576K
Event: 32.492 GC heap after
Heap after GC invocations=13 (full 3):
 PSYoungGen      total 391680K, used 12881K [0x000000076b500000, 0x0000000784880000, 0x00000007c0000000)
  eden space 370688K, 0% used [0x000000076b500000,0x000000076b500000,0x0000000781f00000)
  from space 20992K, 61% used [0x0000000783380000,0x0000000784014660,0x0000000784800000)
  to   space 20992K, 0% used [0x0000000781f00000,0x0000000781f00000,0x0000000783380000)
 ParOldGen       total 183808K, used 37532K [0x00000006c1e00000, 0x00000006cd180000, 0x000000076b500000)
  object space 183808K, 20% used [0x00000006c1e00000,0x00000006c42a71e0,0x00000006cd180000)
 Metaspace       used 64210K, capacity 67750K, committed 67992K, reserved 1107968K
  class space    used 9183K, capacity 9821K, committed 9904K, reserved 1048576K
}
Event: 32.492 GC heap before
{Heap before GC invocations=14 (full 4):
 PSYoungGen      total 391680K, used 12881K [0x000000076b500000, 0x0000000784880000, 0x00000007c0000000)
  eden space 370688K, 0% used [0x000000076b500000,0x000000076b500000,0x0000000781f00000)
  from space 20992K, 61% used [0x0000000783380000,0x0000000784014660,0x0000000784800000)
  to   space 20992K, 0% used [0x0000000781f00000,0x0000000781f00000,0x0000000783380000)
 ParOldGen       total 183808K, used 37532K [0x00000006c1e00000, 0x00000006cd180000, 0x000000076b500000)
  object space 183808K, 20% used [0x00000006c1e00000,0x00000006c42a71e0,0x00000006cd180000)
 Metaspace       used 64210K, capacity 67750K, committed 67992K, reserved 1107968K
  class space    used 9183K, capacity 9821K, committed 9904K, reserved 1048576K
Event: 32.637 GC heap after
Heap after GC invocations=14 (full 4):
 PSYoungGen      total 391680K, used 0K [0x000000076b500000, 0x0000000784880000, 0x00000007c0000000)
  eden space 370688K, 0% used [0x000000076b500000,0x000000076b500000,0x0000000781f00000)
  from space 20992K, 0% used [0x0000000783380000,0x0000000783380000,0x0000000784800000)
  to   space 20992K, 0% used [0x0000000781f00000,0x0000000781f00000,0x0000000783380000)
 ParOldGen       total 183808K, used 34125K [0x00000006c1e00000, 0x00000006cd180000, 0x000000076b500000)
  object space 183808K, 18% used [0x00000006c1e00000,0x00000006c3f535c0,0x00000006cd180000)
 Metaspace       used 64210K, capacity 67750K, committed 67992K, reserved 1107968K
  class space    used 9183K, capacity 9821K, committed 9904K, reserved 1048576K
}
Event: 128.710 GC heap before
{Heap before GC invocations=15 (full 4):
 PSYoungGen      total 391680K, used 370688K [0x000000076b500000, 0x0000000784880000, 0x00000007c0000000)
  eden space 370688K, 100% used [0x000000076b500000,0x0000000781f00000,0x0000000781f00000)
  from space 20992K, 0% used [0x0000000783380000,0x0000000783380000,0x0000000784800000)
  to   space 20992K, 0% used [0x0000000781f00000,0x0000000781f00000,0x0000000783380000)
 ParOldGen       total 183808K, used 34125K [0x00000006c1e00000, 0x00000006cd180000, 0x000000076b500000)
  object space 183808K, 18% used [0x00000006c1e00000,0x00000006c3f535c0,0x00000006cd180000)
 Metaspace       used 65114K, capacity 68828K, committed 69144K, reserved 1107968K
  class space    used 9274K, capacity 9934K, committed 10032K, reserved 1048576K

